11/27/2015 08:44:24 - Process(6160.3) User(nelo) Program(amqzmuc0.exe)
                      Host(NELO-HOME) Installation(Installation1)
                      VRMF(8.0.0.4) QMgr(QM4)
                     
AMQ6287: WebSphere MQ V8.0.0.4 (p800-004-151023.TRIAL).

EXPLANATION:
WebSphere MQ system information: 
Host Info         :- Windows 7 Ultimate x64 Edition, Build 7601: SP1 (MQ
Windows (x64 platform) 64-bit) 
Installation      :- C:\Program Files\IBM\WebSphere MQ (Installation1) 
Version           :- 8.0.0.4 (p800-004-151023.TRIAL)
ACTION:
None. 
-------------------------------------------------------------------------------
11/27/2015 08:44:24 - Process(6160.3) User(nelo) Program(amqzmuc0.exe)
                      Host(NELO-HOME) Installation(Installation1)
                      VRMF(8.0.0.4) QMgr(QM4)
                     
AMQ5051: The queue manager task 'LOGGER-IO' has started.

EXPLANATION:
The critical utility task manager has started the LOGGER-IO task. This task has
now started 1 times.
ACTION:
None. 
-------------------------------------------------------------------------------
11/27/2015 08:44:24 - Process(6160.1) User(nelo) Program(amqzmuc0.exe)
                      Host(NELO-HOME) Installation(Installation1)
                      VRMF(8.0.0.4) QMgr(QM4)
                     
AMQ5041: The queue manager task 'LOGGER-IO' has ended.

EXPLANATION:
The queue manager task LOGGER-IO has ended.
ACTION:
None. 
-------------------------------------------------------------------------------
11/27/2015 08:44:24 - Process(2744.3) User(nelo) Program(amqzmuc0.exe)
                      Host(NELO-HOME) Installation(Installation1)
                      VRMF(8.0.0.4) QMgr(QM4)
                     
AMQ5051: The queue manager task 'LOGGER-IO' has started.

EXPLANATION:
The critical utility task manager has started the LOGGER-IO task. This task has
now started 1 times.
ACTION:
None. 
-------------------------------------------------------------------------------
11/27/2015 08:44:24 - Process(3948.1) User(nelo) Program(amqzxma0.exe)
                      Host(NELO-HOME) Installation(Installation1)
                      VRMF(8.0.0.4) QMgr(QM4)
                     
AMQ7229: 4 log records accessed on queue manager 'QM4' during the log replay
phase.

EXPLANATION:
4 log records have been accessed so far on queue manager QM4 during the log
replay phase in order to bring the queue manager back to a previously known
state.
ACTION:
None. 
-------------------------------------------------------------------------------
11/27/2015 08:44:24 - Process(3948.1) User(nelo) Program(amqzxma0.exe)
                      Host(NELO-HOME) Installation(Installation1)
                      VRMF(8.0.0.4) QMgr(QM4)
                     
AMQ7230: Log replay for queue manager 'QM4' complete.

EXPLANATION:
The log replay phase of the queue manager restart process has been completed
for queue manager QM4.
ACTION:
None. 
-------------------------------------------------------------------------------
11/27/2015 08:44:24 - Process(3948.1) User(nelo) Program(amqzxma0.exe)
                      Host(NELO-HOME) Installation(Installation1)
                      VRMF(8.0.0.4) QMgr(QM4)
                     
AMQ7231: 0 log records accessed on queue manager 'QM4' during the recovery
phase.

EXPLANATION:
0 log records have been accessed so far on queue manager QM4 during the
recovery phase of the transactions manager state.
ACTION:
None. 
-------------------------------------------------------------------------------
11/27/2015 08:44:24 - Process(3948.1) User(nelo) Program(amqzxma0.exe)
                      Host(NELO-HOME) Installation(Installation1)
                      VRMF(8.0.0.4) QMgr(QM4)
                     
AMQ7232: Transaction manager state recovered for queue manager 'QM4'.

EXPLANATION:
The state of transactions at the time the queue manager ended has been
recovered for queue manager QM4.
ACTION:
None. 
-------------------------------------------------------------------------------
11/27/2015 08:44:25 - Process(3948.1) User(nelo) Program(amqzxma0.exe)
                      Host(NELO-HOME) Installation(Installation1)
                      VRMF(8.0.0.4) QMgr(QM4)
                     
AMQ7233: 0 out of 0 in-flight transactions resolved for queue manager 'QM4'.

EXPLANATION:
0 transactions out of 0 in-flight at the time queue manager QM4 ended have been
resolved.
ACTION:
None. 
-------------------------------------------------------------------------------
11/27/2015 08:44:25 - Process(2744.8) User(nelo) Program(amqzmuc0.exe)
                      Host(NELO-HOME) Installation(Installation1)
                      VRMF(8.0.0.4) QMgr(QM4)
                     
AMQ5051: The queue manager task 'CHECKPOINT' has started.

EXPLANATION:
The critical utility task manager has started the CHECKPOINT task. This task
has now started 1 times.
ACTION:
None. 
-------------------------------------------------------------------------------
11/27/2015 08:44:25 - Process(6128.3) User(nelo) Program(amqzmur0.exe)
                      Host(NELO-HOME) Installation(Installation1)
                      VRMF(8.0.0.4) QMgr(QM4)
                     
AMQ5037: The queue manager task 'ERROR-LOG' has started.

EXPLANATION:
The restartable utility task manager has started the ERROR-LOG task. This task
has now started 1 times.
ACTION:
None. 
-------------------------------------------------------------------------------
11/27/2015 08:44:25 - Process(6128.4) User(nelo) Program(amqzmur0.exe)
                      Host(NELO-HOME) Installation(Installation1)
                      VRMF(8.0.0.4) QMgr(QM4)
                     
AMQ5037: The queue manager task 'APP-SIGNAL' has started.

EXPLANATION:
The restartable utility task manager has started the APP-SIGNAL task. This task
has now started 1 times.
ACTION:
None. 
-------------------------------------------------------------------------------
11/27/2015 08:44:25 - Process(6128.5) User(nelo) Program(amqzmur0.exe)
                      Host(NELO-HOME) Installation(Installation1)
                      VRMF(8.0.0.4) QMgr(QM4)
                     
AMQ5037: The queue manager task 'APP-SIGNAL' has started.

EXPLANATION:
The restartable utility task manager has started the APP-SIGNAL task. This task
has now started 2 times.
ACTION:
None. 
-------------------------------------------------------------------------------
11/27/2015 08:44:25 - Process(6128.6) User(nelo) Program(amqzmur0.exe)
                      Host(NELO-HOME) Installation(Installation1)
                      VRMF(8.0.0.4) QMgr(QM4)
                     
AMQ5037: The queue manager task 'APP-SIGNAL' has started.

EXPLANATION:
The restartable utility task manager has started the APP-SIGNAL task. This task
has now started 3 times.
ACTION:
None. 
-------------------------------------------------------------------------------
11/27/2015 08:44:25 - Process(6128.7) User(nelo) Program(amqzmur0.exe)
                      Host(NELO-HOME) Installation(Installation1)
                      VRMF(8.0.0.4) QMgr(QM4)
                     
AMQ5037: The queue manager task 'APP-SIGNAL' has started.

EXPLANATION:
The restartable utility task manager has started the APP-SIGNAL task. This task
has now started 4 times.
ACTION:
None. 
-------------------------------------------------------------------------------
11/27/2015 08:44:26 - Process(3948.1) User(nelo) Program(amqzxma0.exe)
                      Host(NELO-HOME) Installation(Installation1)
                      VRMF(8.0.0.4) QMgr(QM4)
                     
AMQ8571: all authority not revoked from the ???????????? group for reason
'2292'.

EXPLANATION:
As part of queue manager migration an attempt was made to revoke all authority
from the ???????????? group for the SYSTEM.BROKER.DEFAULT.STREAM (qlocal)
object. That attempt failed for reason '2292'.
ACTION:
An administrator should determine the cause of failure and then use the
setmqaut command to manually revoke all authority from the ???????????? group
for the SYSTEM.BROKER.DEFAULT.STREAM (qlocal) object. 
----- amqzcdo0.c : 3311 -------------------------------------------------------
11/27/2015 08:44:26 - Process(3948.1) User(nelo) Program(amqzxma0.exe)
                      Host(NELO-HOME) Installation(Installation1)
                      VRMF(8.0.0.4) QMgr(QM4)
                     
AMQ8571: all authority not revoked from the ???????????? group for reason
'2292'.

EXPLANATION:
As part of queue manager migration an attempt was made to revoke all authority
from the ???????????? group for the SYSTEM.BROKER.DEFAULT.STREAM (topic)
object. That attempt failed for reason '2292'.
ACTION:
An administrator should determine the cause of failure and then use the
setmqaut command to manually revoke all authority from the ???????????? group
for the SYSTEM.BROKER.DEFAULT.STREAM (topic) object. 
----- amqzcdo0.c : 3311 -------------------------------------------------------
11/27/2015 08:44:26 - Process(3948.1) User(nelo) Program(amqzxma0.exe)
                      Host(NELO-HOME) Installation(Installation1)
                      VRMF(8.0.0.4) QMgr(QM4)
                     
AMQ8048: Default objects statistics : 82 created. 0 replaced. 0 failed.

EXPLANATION:
Information on the number of objects created or replaced successfully as well
as any failures that occurred while creating the default objects.
ACTION:
None. 
-------------------------------------------------------------------------------
11/27/2015 08:44:26 - Process(3948.1) User(nelo) Program(amqzxma0.exe)
                      Host(NELO-HOME) Installation(Installation1)
                      VRMF(8.0.0.4) QMgr(QM4)
                     
AMQ8003: WebSphere MQ queue manager 'QM4' started using V8.0.0.4.

EXPLANATION:
WebSphere MQ queue manager 'QM4' started using V8.0.0.4.
ACTION:
None. 
-------------------------------------------------------------------------------
11/27/2015 08:44:26 - Process(6128.1) User(nelo) Program(amqzmur0.exe)
                      Host(NELO-HOME) Installation(Installation1)
                      VRMF(8.0.0.4) QMgr(QM4)
                     
AMQ5041: The queue manager task 'APP-SIGNAL' has ended.

EXPLANATION:
The queue manager task APP-SIGNAL has ended.
ACTION:
None. 
-------------------------------------------------------------------------------
11/27/2015 08:44:26 - Process(6128.1) User(nelo) Program(amqzmur0.exe)
                      Host(NELO-HOME) Installation(Installation1)
                      VRMF(8.0.0.4) QMgr(QM4)
                     
AMQ5041: The queue manager task 'APP-SIGNAL' has ended.

EXPLANATION:
The queue manager task APP-SIGNAL has ended.
ACTION:
None. 
-------------------------------------------------------------------------------
11/27/2015 08:44:26 - Process(6128.1) User(nelo) Program(amqzmur0.exe)
                      Host(NELO-HOME) Installation(Installation1)
                      VRMF(8.0.0.4) QMgr(QM4)
                     
AMQ5041: The queue manager task 'ERROR-LOG' has ended.

EXPLANATION:
The queue manager task ERROR-LOG has ended.
ACTION:
None. 
-------------------------------------------------------------------------------
11/27/2015 08:44:26 - Process(2744.1) User(nelo) Program(amqzmuc0.exe)
                      Host(NELO-HOME) Installation(Installation1)
                      VRMF(8.0.0.4) QMgr(QM4)
                     
AMQ5041: The queue manager task 'CHECKPOINT' has ended.

EXPLANATION:
The queue manager task CHECKPOINT has ended.
ACTION:
None. 
-------------------------------------------------------------------------------
11/27/2015 08:44:26 - Process(2744.1) User(nelo) Program(amqzmuc0.exe)
                      Host(NELO-HOME) Installation(Installation1)
                      VRMF(8.0.0.4) QMgr(QM4)
                     
AMQ5041: The queue manager task 'LOGGER-IO' has ended.

EXPLANATION:
The queue manager task LOGGER-IO has ended.
ACTION:
None. 
-------------------------------------------------------------------------------
11/27/2015 08:44:26 - Process(3948.1) User(nelo) Program(amqzxma0.exe)
                      Host(NELO-HOME) Installation(Installation1)
                      VRMF(8.0.0.4) QMgr(QM4)
                     
AMQ8004: WebSphere MQ queue manager 'QM4' ended.

EXPLANATION:
WebSphere MQ queue manager 'QM4' ended.
ACTION:
None. 
-------------------------------------------------------------------------------
11/27/2015 08:44:27 - Process(3284.3) User(nelo) Program(amqzmuc0.exe)
                      Host(NELO-HOME) Installation(Installation1)
                      VRMF(8.0.0.4) QMgr(QM4)
                     
AMQ5051: The queue manager task 'LOGGER-IO' has started.

EXPLANATION:
The critical utility task manager has started the LOGGER-IO task. This task has
now started 1 times.
ACTION:
None. 
-------------------------------------------------------------------------------
11/27/2015 08:44:27 - Process(3764.1) User(nelo) Program(amqzxma0.exe)
                      Host(NELO-HOME) Installation(Installation1)
                      VRMF(8.0.0.4) QMgr(QM4)
                     
AMQ7229: 5 log records accessed on queue manager 'QM4' during the log replay
phase.

EXPLANATION:
5 log records have been accessed so far on queue manager QM4 during the log
replay phase in order to bring the queue manager back to a previously known
state.
ACTION:
None. 
-------------------------------------------------------------------------------
11/27/2015 08:44:27 - Process(3764.1) User(nelo) Program(amqzxma0.exe)
                      Host(NELO-HOME) Installation(Installation1)
                      VRMF(8.0.0.4) QMgr(QM4)
                     
AMQ7230: Log replay for queue manager 'QM4' complete.

EXPLANATION:
The log replay phase of the queue manager restart process has been completed
for queue manager QM4.
ACTION:
None. 
-------------------------------------------------------------------------------
11/27/2015 08:44:27 - Process(3764.1) User(nelo) Program(amqzxma0.exe)
                      Host(NELO-HOME) Installation(Installation1)
                      VRMF(8.0.0.4) QMgr(QM4)
                     
AMQ7231: 0 log records accessed on queue manager 'QM4' during the recovery
phase.

EXPLANATION:
0 log records have been accessed so far on queue manager QM4 during the
recovery phase of the transactions manager state.
ACTION:
None. 
-------------------------------------------------------------------------------
11/27/2015 08:44:27 - Process(3764.1) User(nelo) Program(amqzxma0.exe)
                      Host(NELO-HOME) Installation(Installation1)
                      VRMF(8.0.0.4) QMgr(QM4)
                     
AMQ7232: Transaction manager state recovered for queue manager 'QM4'.

EXPLANATION:
The state of transactions at the time the queue manager ended has been
recovered for queue manager QM4.
ACTION:
None. 
-------------------------------------------------------------------------------
11/27/2015 08:44:27 - Process(3764.1) User(nelo) Program(amqzxma0.exe)
                      Host(NELO-HOME) Installation(Installation1)
                      VRMF(8.0.0.4) QMgr(QM4)
                     
AMQ7233: 0 out of 0 in-flight transactions resolved for queue manager 'QM4'.

EXPLANATION:
0 transactions out of 0 in-flight at the time queue manager QM4 ended have been
resolved.
ACTION:
None. 
-------------------------------------------------------------------------------
11/27/2015 08:44:27 - Process(3284.8) User(nelo) Program(amqzmuc0.exe)
                      Host(NELO-HOME) Installation(Installation1)
                      VRMF(8.0.0.4) QMgr(QM4)
                     
AMQ5051: The queue manager task 'CHECKPOINT' has started.

EXPLANATION:
The critical utility task manager has started the CHECKPOINT task. This task
has now started 1 times.
ACTION:
None. 
-------------------------------------------------------------------------------
11/27/2015 08:44:27 - Process(7616.3) User(nelo) Program(amqzmur0.exe)
                      Host(NELO-HOME) Installation(Installation1)
                      VRMF(8.0.0.4) QMgr(QM4)
                     
AMQ5037: The queue manager task 'ERROR-LOG' has started.

EXPLANATION:
The restartable utility task manager has started the ERROR-LOG task. This task
has now started 1 times.
ACTION:
None. 
-------------------------------------------------------------------------------
11/27/2015 08:44:27 - Process(7616.4) User(nelo) Program(amqzmur0.exe)
                      Host(NELO-HOME) Installation(Installation1)
                      VRMF(8.0.0.4) QMgr(QM4)
                     
AMQ5037: The queue manager task 'APP-SIGNAL' has started.

EXPLANATION:
The restartable utility task manager has started the APP-SIGNAL task. This task
has now started 1 times.
ACTION:
None. 
-------------------------------------------------------------------------------
11/27/2015 08:44:27 - Process(7616.5) User(nelo) Program(amqzmur0.exe)
                      Host(NELO-HOME) Installation(Installation1)
                      VRMF(8.0.0.4) QMgr(QM4)
                     
AMQ5037: The queue manager task 'APP-SIGNAL' has started.

EXPLANATION:
The restartable utility task manager has started the APP-SIGNAL task. This task
has now started 2 times.
ACTION:
None. 
-------------------------------------------------------------------------------
11/27/2015 08:44:27 - Process(7616.6) User(nelo) Program(amqzmur0.exe)
                      Host(NELO-HOME) Installation(Installation1)
                      VRMF(8.0.0.4) QMgr(QM4)
                     
AMQ5037: The queue manager task 'APP-SIGNAL' has started.

EXPLANATION:
The restartable utility task manager has started the APP-SIGNAL task. This task
has now started 3 times.
ACTION:
None. 
-------------------------------------------------------------------------------
11/27/2015 08:44:27 - Process(7616.7) User(nelo) Program(amqzmur0.exe)
                      Host(NELO-HOME) Installation(Installation1)
                      VRMF(8.0.0.4) QMgr(QM4)
                     
AMQ5037: The queue manager task 'APP-SIGNAL' has started.

EXPLANATION:
The restartable utility task manager has started the APP-SIGNAL task. This task
has now started 4 times.
ACTION:
None. 
-------------------------------------------------------------------------------
11/27/2015 08:44:27 - Process(3764.1) User(nelo) Program(amqzxma0.exe)
                      Host(NELO-HOME) Installation(Installation1)
                      VRMF(8.0.0.4) QMgr(QM4)
                     
AMQ8003: WebSphere MQ queue manager 'QM4' started using V8.0.0.4.

EXPLANATION:
WebSphere MQ queue manager 'QM4' started using V8.0.0.4.
ACTION:
None. 
-------------------------------------------------------------------------------
11/27/2015 08:44:27 - Process(7616.8) User(nelo) Program(amqzmur0.exe)
                      Host(NELO-HOME) Installation(Installation1)
                      VRMF(8.0.0.4) QMgr(QM4)
                     
AMQ5037: The queue manager task 'DEFERRED_DELIVERY' has started.

EXPLANATION:
The restartable utility task manager has started the DEFERRED_DELIVERY task.
This task has now started 1 times.
ACTION:
None. 
-------------------------------------------------------------------------------
11/27/2015 08:44:27 - Process(7616.9) User(nelo) Program(amqzmur0.exe)
                      Host(NELO-HOME) Installation(Installation1)
                      VRMF(8.0.0.4) QMgr(QM4)
                     
AMQ5037: The queue manager task 'DEFERRED-MSG' has started.

EXPLANATION:
The restartable utility task manager has started the DEFERRED-MSG task. This
task has now started 1 times.
ACTION:
None. 
-------------------------------------------------------------------------------
11/27/2015 08:44:27 - Process(3284.19) User(nelo) Program(amqzmuc0.exe)
                      Host(NELO-HOME) Installation(Installation1)
                      VRMF(8.0.0.4) QMgr(QM4)
                     
AMQ5051: The queue manager task 'ACTVTRC' has started.

EXPLANATION:
The critical utility task manager has started the ACTVTRC task. This task has
now started 1 times.
ACTION:
None. 
-------------------------------------------------------------------------------
11/27/2015 08:44:27 - Process(4024.1) User(nelo) Program(amqrrmfa.exe)
                      Host(NELO-HOME) Installation(Installation1)
                      VRMF(8.0.0.4) QMgr(QM4)
                     
AMQ9410: Repository manager started.

EXPLANATION:
The repository manager started successfully.
ACTION:
None. 
-------------------------------------------------------------------------------
11/27/2015 08:44:27 - Process(3284.20) User(nelo) Program(amqzmuc0.exe)
                      Host(NELO-HOME) Installation(Installation1)
                      VRMF(8.0.0.4) QMgr(QM4)
                     
AMQ5051: The queue manager task 'ASYNCQ' has started.

EXPLANATION:
The critical utility task manager has started the ASYNCQ task. This task has
now started 1 times.
ACTION:
None. 
-------------------------------------------------------------------------------
11/27/2015 08:44:27 - Process(7616.10) User(nelo) Program(amqzmur0.exe)
                      Host(NELO-HOME) Installation(Installation1)
                      VRMF(8.0.0.4) QMgr(QM4)
                     
AMQ5037: The queue manager task 'STATISTICS' has started.

EXPLANATION:
The restartable utility task manager has started the STATISTICS task. This task
has now started 1 times.
ACTION:
None. 
-------------------------------------------------------------------------------
11/27/2015 08:44:27 - Process(3284.21) User(nelo) Program(amqzmuc0.exe)
                      Host(NELO-HOME) Installation(Installation1)
                      VRMF(8.0.0.4) QMgr(QM4)
                     
AMQ5051: The queue manager task 'EXPIRER' has started.

EXPLANATION:
The critical utility task manager has started the EXPIRER task. This task has
now started 1 times.
ACTION:
None. 
-------------------------------------------------------------------------------
11/27/2015 08:44:27 - Process(3284.22) User(nelo) Program(amqzmuc0.exe)
                      Host(NELO-HOME) Installation(Installation1)
                      VRMF(8.0.0.4) QMgr(QM4)
                     
AMQ5051: The queue manager task 'DUR-SUBS-MGR' has started.

EXPLANATION:
The critical utility task manager has started the DUR-SUBS-MGR task. This task
has now started 1 times.
ACTION:
None. 
-------------------------------------------------------------------------------
11/27/2015 08:44:27 - Process(3284.23) User(nelo) Program(amqzmuc0.exe)
                      Host(NELO-HOME) Installation(Installation1)
                      VRMF(8.0.0.4) QMgr(QM4)
                     
AMQ5051: The queue manager task 'TOPIC-TREE' has started.

EXPLANATION:
The critical utility task manager has started the TOPIC-TREE task. This task
has now started 1 times.
ACTION:
None. 
-------------------------------------------------------------------------------
11/27/2015 08:44:27 - Process(3636.3) User(nelo) Program(amqzmuf0.exe)
                      Host(NELO-HOME) Installation(Installation1)
                      VRMF(8.0.0.4) QMgr(QM4)
                     
AMQ5052: The queue manager task 'QPUBSUB-CTRLR' has started.

EXPLANATION:
The publish/subscribe utility task manager has started the QPUBSUB-CTRLR task.
This task has now started 1 times.
ACTION:
None. 
-------------------------------------------------------------------------------
11/27/2015 08:44:27 - Process(3636.4) User(nelo) Program(amqzmuf0.exe)
                      Host(NELO-HOME) Installation(Installation1)
                      VRMF(8.0.0.4) QMgr(QM4)
                     
AMQ5052: The queue manager task 'QPUBSUB-QUEUE-NLCACHE' has started.

EXPLANATION:
The publish/subscribe utility task manager has started the
QPUBSUB-QUEUE-NLCACHE task. This task has now started 1 times.
ACTION:
None. 
-------------------------------------------------------------------------------
11/27/2015 08:44:27 - Process(7616.11) User(nelo) Program(amqzmur0.exe)
                      Host(NELO-HOME) Installation(Installation1)
                      VRMF(8.0.0.4) QMgr(QM4)
                     
AMQ5037: The queue manager task 'MARKINTSCAN' has started.

EXPLANATION:
The restartable utility task manager has started the MARKINTSCAN task. This
task has now started 1 times.
ACTION:
None. 
-------------------------------------------------------------------------------
11/27/2015 08:44:27 - Process(3636.5) User(nelo) Program(amqzmuf0.exe)
                      Host(NELO-HOME) Installation(Installation1)
                      VRMF(8.0.0.4) QMgr(QM4)
                     
AMQ5052: The queue manager task 'QPUBSUB-SUBPT-NLCACHE' has started.

EXPLANATION:
The publish/subscribe utility task manager has started the
QPUBSUB-SUBPT-NLCACHE task. This task has now started 1 times.
ACTION:
None. 
-------------------------------------------------------------------------------
11/27/2015 08:44:27 - Process(3636.6) User(nelo) Program(amqzmuf0.exe)
                      Host(NELO-HOME) Installation(Installation1)
                      VRMF(8.0.0.4) QMgr(QM4)
                     
AMQ5052: The queue manager task 'PUBSUB-DAEMON' has started.

EXPLANATION:
The publish/subscribe utility task manager has started the PUBSUB-DAEMON task.
This task has now started 1 times.
ACTION:
None. 
-------------------------------------------------------------------------------
11/27/2015 08:44:27 - Process(3636.6) User(nelo) Program(amqzmuf0.exe)
                      Host(NELO-HOME) Installation(Installation1)
                      VRMF(8.0.0.4) QMgr(QM4)
                     
AMQ5975: 'WebSphere MQ Distributed Pub/Sub Controller' has started.

EXPLANATION:
'WebSphere MQ Distributed Pub/Sub Controller' has started.
ACTION:
 
-------------------------------------------------------------------------------
11/27/2015 08:44:27 - Process(3284.25) User(nelo) Program(amqzmuc0.exe)
                      Host(NELO-HOME) Installation(Installation1)
                      VRMF(8.0.0.4) QMgr(QM4)
                     
AMQ5051: The queue manager task 'PRESERVED-Q' has started.

EXPLANATION:
The critical utility task manager has started the PRESERVED-Q task. This task
has now started 1 times.
ACTION:
None. 
-------------------------------------------------------------------------------
11/27/2015 08:44:27 - Process(3284.24) User(nelo) Program(amqzmuc0.exe)
                      Host(NELO-HOME) Installation(Installation1)
                      VRMF(8.0.0.4) QMgr(QM4)
                     
AMQ5051: The queue manager task 'Q-DELETION' has started.

EXPLANATION:
The critical utility task manager has started the Q-DELETION task. This task
has now started 1 times.
ACTION:
None. 
-------------------------------------------------------------------------------
11/27/2015 08:44:27 - Process(3284.26) User(nelo) Program(amqzmuc0.exe)
                      Host(NELO-HOME) Installation(Installation1)
                      VRMF(8.0.0.4) QMgr(QM4)
                     
AMQ5051: The queue manager task 'MULTICAST' has started.

EXPLANATION:
The critical utility task manager has started the MULTICAST task. This task has
now started 1 times.
ACTION:
None. 
-------------------------------------------------------------------------------
11/27/2015 08:44:27 - Process(3636.9) User(nelo) Program(amqzmuf0.exe)
                      Host(NELO-HOME) Installation(Installation1)
                      VRMF(8.0.0.4) QMgr(QM4)
                     
AMQ5975: 'WebSphere MQ Distributed Pub/Sub Publish Task' has started.

EXPLANATION:
'WebSphere MQ Distributed Pub/Sub Publish Task' has started.
ACTION:
 
-------------------------------------------------------------------------------
11/27/2015 08:44:27 - Process(3636.7) User(nelo) Program(amqzmuf0.exe)
                      Host(NELO-HOME) Installation(Installation1)
                      VRMF(8.0.0.4) QMgr(QM4)
                     
AMQ5975: 'WebSphere MQ Distributed Pub/Sub Fan Out Task' has started.

EXPLANATION:
'WebSphere MQ Distributed Pub/Sub Fan Out Task' has started.
ACTION:
 
-------------------------------------------------------------------------------
11/27/2015 08:44:27 - Process(3636.8) User(nelo) Program(amqzmuf0.exe)
                      Host(NELO-HOME) Installation(Installation1)
                      VRMF(8.0.0.4) QMgr(QM4)
                     
AMQ5975: 'WebSphere MQ Distributed Pub/Sub Command Task' has started.

EXPLANATION:
'WebSphere MQ Distributed Pub/Sub Command Task' has started.
ACTION:
 
-------------------------------------------------------------------------------
11/27/2015 08:44:27 - Process(3752.1) User(nelo) Program(amqzmgr0.exe)
                      Host(NELO-HOME) Installation(Installation1)
                      VRMF(8.0.0.4) QMgr(QM4)
                     
AMQ5022: The channel initiator has started. ProcessId(3912).

EXPLANATION:
The channel initiator process has started.
ACTION:
None. 
-------------------------------------------------------------------------------
11/27/2015 08:44:27 - Process(3752.1) User(nelo) Program(amqzmgr0.exe)
                      Host(NELO-HOME) Installation(Installation1)
                      VRMF(8.0.0.4) QMgr(QM4)
                     
AMQ5024: The command server has started. ProcessId(2672).

EXPLANATION:
The command server process has started.
ACTION:
None. 
-------------------------------------------------------------------------------
11/27/2015 08:44:27 - Process(3912.1) User(nelo) Program(runmqchi.exe)
                      Host(NELO-HOME) Installation(Installation1)
                      VRMF(8.0.0.4) QMgr(QM4)
                     
AMQ8024: WebSphere MQ channel initiator started.

EXPLANATION:
The channel initiator for queue SYSTEM.CHANNEL.INITQ has been started.
ACTION:
None. 
-------------------------------------------------------------------------------
11/27/2015 08:44:27 - Process(4012.1) User(nelo) Program(amqfqpub.exe)
                      Host(NELO-HOME) Installation(Installation1)
                      VRMF(8.0.0.4) QMgr(QM4)
                     
AMQ5806: Queued Publish/Subscribe Daemon started for queue manager QM4.

EXPLANATION:
Queued Publish/Subscribe Daemon started for queue manager QM4.
ACTION:
None. 
-------------------------------------------------------------------------------
11/27/2015 08:44:27 - Process(3752.1) User(nelo) Program(amqzmgr0.exe)
                      Host(NELO-HOME) Installation(Installation1)
                      VRMF(8.0.0.4) QMgr(QM4)
                     
AMQ5026: The listener 'LISTENER.TCP' has started. ProcessId(3888).

EXPLANATION:
The listener process has started.
ACTION:
None. 
-------------------------------------------------------------------------------
11/27/2015 10:37:07 - Process(3764.1) User(nelo) Program(amqzxma0.exe)
                      Host(NELO-HOME) Installation(Installation1)
                      VRMF(8.0.0.4) QMgr(QM4)
                     
AMQ7030: Quiesce request accepted. The queue manager will stop when all
outstanding work is complete.

EXPLANATION:
You have requested that the queue manager end when there is no more work for
it.  In the meantime, it will refuse new applications that attempt to start,
although it allows those already running to complete their work.
ACTION:
None. 
-------------------------------------------------------------------------------
11/27/2015 10:37:07 - Process(3912.1) User(nelo) Program(runmqchi.exe)
                      Host(NELO-HOME) Installation(Installation1)
                      VRMF(8.0.0.4) QMgr(QM4)
                     
AMQ9542: Queue manager is ending.

EXPLANATION:
The program will end because the queue manager is quiescing.
ACTION:
None. 
----- amqrimna.c : 1071 -------------------------------------------------------
11/27/2015 10:37:07 - Process(3636.7) User(nelo) Program(amqzmuf0.exe)
                      Host(NELO-HOME) Installation(Installation1)
                      VRMF(8.0.0.4) QMgr(QM4)
                     
AMQ5976: 'WebSphere MQ Distributed Pub/Sub Fan Out Task' has ended.

EXPLANATION:
'WebSphere MQ Distributed Pub/Sub Fan Out Task' has ended.
ACTION:
 
-------------------------------------------------------------------------------
11/27/2015 10:37:07 - Process(3636.8) User(nelo) Program(amqzmuf0.exe)
                      Host(NELO-HOME) Installation(Installation1)
                      VRMF(8.0.0.4) QMgr(QM4)
                     
AMQ5976: 'WebSphere MQ Distributed Pub/Sub Command Task' has ended.

EXPLANATION:
'WebSphere MQ Distributed Pub/Sub Command Task' has ended.
ACTION:
 
-------------------------------------------------------------------------------
11/27/2015 10:37:07 - Process(3636.9) User(nelo) Program(amqzmuf0.exe)
                      Host(NELO-HOME) Installation(Installation1)
                      VRMF(8.0.0.4) QMgr(QM4)
                     
AMQ5976: 'WebSphere MQ Distributed Pub/Sub Publish Task' has ended.

EXPLANATION:
'WebSphere MQ Distributed Pub/Sub Publish Task' has ended.
ACTION:
 
-------------------------------------------------------------------------------
11/27/2015 10:37:07 - Process(3752.1) User(nelo) Program(amqzmgr0.exe)
                      Host(NELO-HOME) Installation(Installation1)
                      VRMF(8.0.0.4) QMgr(QM4)
                     
AMQ5023: The channel initiator has ended. ProcessId(3912).

EXPLANATION:
The channel initiator process has ended.
ACTION:
None. 
-------------------------------------------------------------------------------
11/27/2015 10:37:07 - Process(3752.1) User(nelo) Program(amqzmgr0.exe)
                      Host(NELO-HOME) Installation(Installation1)
                      VRMF(8.0.0.4) QMgr(QM4)
                     
AMQ5025: The command server has ended. ProcessId(2672).

EXPLANATION:
The command server process has ended.
ACTION:
None. 
-------------------------------------------------------------------------------
11/27/2015 10:37:07 - Process(3752.1) User(nelo) Program(amqzmgr0.exe)
                      Host(NELO-HOME) Installation(Installation1)
                      VRMF(8.0.0.4) QMgr(QM4)
                     
AMQ5027: The listener 'LISTENER.TCP' has ended. ProcessId(3888).

EXPLANATION:
The listener process has ended.
ACTION:
None. 
-------------------------------------------------------------------------------
11/27/2015 10:37:07 - Process(3636.6) User(nelo) Program(amqzmuf0.exe)
                      Host(NELO-HOME) Installation(Installation1)
                      VRMF(8.0.0.4) QMgr(QM4)
                     
AMQ5976: 'WebSphere MQ Distributed Pub/Sub Controller' has ended.

EXPLANATION:
'WebSphere MQ Distributed Pub/Sub Controller' has ended.
ACTION:
 
-------------------------------------------------------------------------------
11/27/2015 10:37:08 - Process(3284.1) User(nelo) Program(amqzmuc0.exe)
                      Host(NELO-HOME) Installation(Installation1)
                      VRMF(8.0.0.4) QMgr(QM4)
                     
AMQ5041: The queue manager task 'ACTVTRC' has ended.

EXPLANATION:
The queue manager task ACTVTRC has ended.
ACTION:
None. 
-------------------------------------------------------------------------------
11/27/2015 10:37:08 - Process(3284.1) User(nelo) Program(amqzmuc0.exe)
                      Host(NELO-HOME) Installation(Installation1)
                      VRMF(8.0.0.4) QMgr(QM4)
                     
AMQ5041: The queue manager task 'ASYNCQ' has ended.

EXPLANATION:
The queue manager task ASYNCQ has ended.
ACTION:
None. 
-------------------------------------------------------------------------------
11/27/2015 10:37:08 - Process(3284.1) User(nelo) Program(amqzmuc0.exe)
                      Host(NELO-HOME) Installation(Installation1)
                      VRMF(8.0.0.4) QMgr(QM4)
                     
AMQ5041: The queue manager task 'EXPIRER' has ended.

EXPLANATION:
The queue manager task EXPIRER has ended.
ACTION:
None. 
-------------------------------------------------------------------------------
11/27/2015 10:37:08 - Process(3284.1) User(nelo) Program(amqzmuc0.exe)
                      Host(NELO-HOME) Installation(Installation1)
                      VRMF(8.0.0.4) QMgr(QM4)
                     
AMQ5041: The queue manager task 'DUR-SUBS-MGR' has ended.

EXPLANATION:
The queue manager task DUR-SUBS-MGR has ended.
ACTION:
None. 
-------------------------------------------------------------------------------
11/27/2015 10:37:08 - Process(3284.1) User(nelo) Program(amqzmuc0.exe)
                      Host(NELO-HOME) Installation(Installation1)
                      VRMF(8.0.0.4) QMgr(QM4)
                     
AMQ5041: The queue manager task 'TOPIC-TREE' has ended.

EXPLANATION:
The queue manager task TOPIC-TREE has ended.
ACTION:
None. 
-------------------------------------------------------------------------------
11/27/2015 10:37:08 - Process(3284.1) User(nelo) Program(amqzmuc0.exe)
                      Host(NELO-HOME) Installation(Installation1)
                      VRMF(8.0.0.4) QMgr(QM4)
                     
AMQ5041: The queue manager task 'Q-DELETION' has ended.

EXPLANATION:
The queue manager task Q-DELETION has ended.
ACTION:
None. 
-------------------------------------------------------------------------------
11/27/2015 10:37:08 - Process(3284.1) User(nelo) Program(amqzmuc0.exe)
                      Host(NELO-HOME) Installation(Installation1)
                      VRMF(8.0.0.4) QMgr(QM4)
                     
AMQ5041: The queue manager task 'PRESERVED-Q' has ended.

EXPLANATION:
The queue manager task PRESERVED-Q has ended.
ACTION:
None. 
-------------------------------------------------------------------------------
11/27/2015 10:37:08 - Process(3284.1) User(nelo) Program(amqzmuc0.exe)
                      Host(NELO-HOME) Installation(Installation1)
                      VRMF(8.0.0.4) QMgr(QM4)
                     
AMQ5041: The queue manager task 'MULTICAST' has ended.

EXPLANATION:
The queue manager task MULTICAST has ended.
ACTION:
None. 
-------------------------------------------------------------------------------
11/27/2015 10:37:08 - Process(3636.1) User(nelo) Program(amqzmuf0.exe)
                      Host(NELO-HOME) Installation(Installation1)
                      VRMF(8.0.0.4) QMgr(QM4)
                     
AMQ5041: The queue manager task 'PUBSUB-DAEMON' has ended.

EXPLANATION:
The queue manager task PUBSUB-DAEMON has ended.
ACTION:
None. 
-------------------------------------------------------------------------------
11/27/2015 10:37:08 - Process(3636.1) User(nelo) Program(amqzmuf0.exe)
                      Host(NELO-HOME) Installation(Installation1)
                      VRMF(8.0.0.4) QMgr(QM4)
                     
AMQ5041: The queue manager task 'QPUBSUB-CTRLR' has ended.

EXPLANATION:
The queue manager task QPUBSUB-CTRLR has ended.
ACTION:
None. 
-------------------------------------------------------------------------------
11/27/2015 10:37:08 - Process(3636.1) User(nelo) Program(amqzmuf0.exe)
                      Host(NELO-HOME) Installation(Installation1)
                      VRMF(8.0.0.4) QMgr(QM4)
                     
AMQ5041: The queue manager task 'QPUBSUB-QUEUE-NLCACHE' has ended.

EXPLANATION:
The queue manager task QPUBSUB-QUEUE-NLCACHE has ended.
ACTION:
None. 
-------------------------------------------------------------------------------
11/27/2015 10:37:08 - Process(3636.1) User(nelo) Program(amqzmuf0.exe)
                      Host(NELO-HOME) Installation(Installation1)
                      VRMF(8.0.0.4) QMgr(QM4)
                     
AMQ5041: The queue manager task 'QPUBSUB-SUBPT-NLCACHE' has ended.

EXPLANATION:
The queue manager task QPUBSUB-SUBPT-NLCACHE has ended.
ACTION:
None. 
-------------------------------------------------------------------------------
11/27/2015 10:37:08 - Process(3284.1) User(nelo) Program(amqzmuc0.exe)
                      Host(NELO-HOME) Installation(Installation1)
                      VRMF(8.0.0.4) QMgr(QM4)
                     
AMQ5041: The queue manager task 'ACTVTRC' has ended.

EXPLANATION:
The queue manager task ACTVTRC has ended.
ACTION:
None. 
-------------------------------------------------------------------------------
11/27/2015 10:37:08 - Process(7616.1) User(nelo) Program(amqzmur0.exe)
                      Host(NELO-HOME) Installation(Installation1)
                      VRMF(8.0.0.4) QMgr(QM4)
                     
AMQ5041: The queue manager task 'APP-SIGNAL' has ended.

EXPLANATION:
The queue manager task APP-SIGNAL has ended.
ACTION:
None. 
-------------------------------------------------------------------------------
11/27/2015 10:37:08 - Process(7616.1) User(nelo) Program(amqzmur0.exe)
                      Host(NELO-HOME) Installation(Installation1)
                      VRMF(8.0.0.4) QMgr(QM4)
                     
AMQ5041: The queue manager task 'DEFERRED_DELIVERY' has ended.

EXPLANATION:
The queue manager task DEFERRED_DELIVERY has ended.
ACTION:
None. 
-------------------------------------------------------------------------------
11/27/2015 10:37:08 - Process(7616.1) User(nelo) Program(amqzmur0.exe)
                      Host(NELO-HOME) Installation(Installation1)
                      VRMF(8.0.0.4) QMgr(QM4)
                     
AMQ5041: The queue manager task 'DEFERRED-MSG' has ended.

EXPLANATION:
The queue manager task DEFERRED-MSG has ended.
ACTION:
None. 
-------------------------------------------------------------------------------
11/27/2015 10:37:08 - Process(7616.1) User(nelo) Program(amqzmur0.exe)
                      Host(NELO-HOME) Installation(Installation1)
                      VRMF(8.0.0.4) QMgr(QM4)
                     
AMQ5041: The queue manager task 'STATISTICS' has ended.

EXPLANATION:
The queue manager task STATISTICS has ended.
ACTION:
None. 
-------------------------------------------------------------------------------
11/27/2015 10:37:08 - Process(7616.1) User(nelo) Program(amqzmur0.exe)
                      Host(NELO-HOME) Installation(Installation1)
                      VRMF(8.0.0.4) QMgr(QM4)
                     
AMQ5041: The queue manager task 'MARKINTSCAN' has ended.

EXPLANATION:
The queue manager task MARKINTSCAN has ended.
ACTION:
None. 
-------------------------------------------------------------------------------
11/27/2015 10:37:08 - Process(7616.1) User(nelo) Program(amqzmur0.exe)
                      Host(NELO-HOME) Installation(Installation1)
                      VRMF(8.0.0.4) QMgr(QM4)
                     
AMQ5041: The queue manager task 'APP-SIGNAL' has ended.

EXPLANATION:
The queue manager task APP-SIGNAL has ended.
ACTION:
None. 
-------------------------------------------------------------------------------
11/27/2015 10:37:08 - Process(7616.1) User(nelo) Program(amqzmur0.exe)
                      Host(NELO-HOME) Installation(Installation1)
                      VRMF(8.0.0.4) QMgr(QM4)
                     
AMQ5041: The queue manager task 'DEFERRED_DELIVERY' has ended.

EXPLANATION:
The queue manager task DEFERRED_DELIVERY has ended.
ACTION:
None. 
-------------------------------------------------------------------------------
11/27/2015 10:37:08 - Process(3636.1) User(nelo) Program(amqzmuf0.exe)
                      Host(NELO-HOME) Installation(Installation1)
                      VRMF(8.0.0.4) QMgr(QM4)
                     
AMQ5041: The queue manager task 'QPUBSUB-QUEUE-NLCACHE' has ended.

EXPLANATION:
The queue manager task QPUBSUB-QUEUE-NLCACHE has ended.
ACTION:
None. 
-------------------------------------------------------------------------------
11/27/2015 10:37:08 - Process(3636.1) User(nelo) Program(amqzmuf0.exe)
                      Host(NELO-HOME) Installation(Installation1)
                      VRMF(8.0.0.4) QMgr(QM4)
                     
AMQ5041: The queue manager task 'QPUBSUB-SUBPT-NLCACHE' has ended.

EXPLANATION:
The queue manager task QPUBSUB-SUBPT-NLCACHE has ended.
ACTION:
None. 
-------------------------------------------------------------------------------
11/27/2015 10:37:08 - Process(4012.1) User(nelo) Program(amqfqpub.exe)
                      Host(NELO-HOME) Installation(Installation1)
                      VRMF(8.0.0.4) QMgr(QM4)
                     
AMQ5807: Queued Publish/Subscribe Daemon for queue manager QM4 ended.

EXPLANATION:
The Queued Publish/Subscribe Daemon on queue manager QM4 has ended.
ACTION:
None. 
-------------------------------------------------------------------------------
11/27/2015 10:37:08 - Process(3284.1) User(nelo) Program(amqzmuc0.exe)
                      Host(NELO-HOME) Installation(Installation1)
                      VRMF(8.0.0.4) QMgr(QM4)
                     
AMQ5041: The queue manager task 'ASYNCQ' has ended.

EXPLANATION:
The queue manager task ASYNCQ has ended.
ACTION:
None. 
-------------------------------------------------------------------------------
11/27/2015 10:37:08 - Process(3284.1) User(nelo) Program(amqzmuc0.exe)
                      Host(NELO-HOME) Installation(Installation1)
                      VRMF(8.0.0.4) QMgr(QM4)
                     
AMQ5041: The queue manager task 'EXPIRER' has ended.

EXPLANATION:
The queue manager task EXPIRER has ended.
ACTION:
None. 
-------------------------------------------------------------------------------
11/27/2015 10:37:08 - Process(3284.1) User(nelo) Program(amqzmuc0.exe)
                      Host(NELO-HOME) Installation(Installation1)
                      VRMF(8.0.0.4) QMgr(QM4)
                     
AMQ5041: The queue manager task 'DUR-SUBS-MGR' has ended.

EXPLANATION:
The queue manager task DUR-SUBS-MGR has ended.
ACTION:
None. 
-------------------------------------------------------------------------------
11/27/2015 10:37:08 - Process(3284.1) User(nelo) Program(amqzmuc0.exe)
                      Host(NELO-HOME) Installation(Installation1)
                      VRMF(8.0.0.4) QMgr(QM4)
                     
AMQ5041: The queue manager task 'TOPIC-TREE' has ended.

EXPLANATION:
The queue manager task TOPIC-TREE has ended.
ACTION:
None. 
-------------------------------------------------------------------------------
11/27/2015 10:37:08 - Process(3284.1) User(nelo) Program(amqzmuc0.exe)
                      Host(NELO-HOME) Installation(Installation1)
                      VRMF(8.0.0.4) QMgr(QM4)
                     
AMQ5041: The queue manager task 'Q-DELETION' has ended.

EXPLANATION:
The queue manager task Q-DELETION has ended.
ACTION:
None. 
-------------------------------------------------------------------------------
11/27/2015 10:37:08 - Process(3284.1) User(nelo) Program(amqzmuc0.exe)
                      Host(NELO-HOME) Installation(Installation1)
                      VRMF(8.0.0.4) QMgr(QM4)
                     
AMQ5041: The queue manager task 'PRESERVED-Q' has ended.

EXPLANATION:
The queue manager task PRESERVED-Q has ended.
ACTION:
None. 
-------------------------------------------------------------------------------
11/27/2015 10:37:08 - Process(3284.1) User(nelo) Program(amqzmuc0.exe)
                      Host(NELO-HOME) Installation(Installation1)
                      VRMF(8.0.0.4) QMgr(QM4)
                     
AMQ5041: The queue manager task 'MULTICAST' has ended.

EXPLANATION:
The queue manager task MULTICAST has ended.
ACTION:
None. 
-------------------------------------------------------------------------------
11/27/2015 10:37:08 - Process(7616.1) User(nelo) Program(amqzmur0.exe)
                      Host(NELO-HOME) Installation(Installation1)
                      VRMF(8.0.0.4) QMgr(QM4)
                     
AMQ5041: The queue manager task 'DEFERRED-MSG' has ended.

EXPLANATION:
The queue manager task DEFERRED-MSG has ended.
ACTION:
None. 
-------------------------------------------------------------------------------
11/27/2015 10:37:08 - Process(7616.1) User(nelo) Program(amqzmur0.exe)
                      Host(NELO-HOME) Installation(Installation1)
                      VRMF(8.0.0.4) QMgr(QM4)
                     
AMQ5041: The queue manager task 'STATISTICS' has ended.

EXPLANATION:
The queue manager task STATISTICS has ended.
ACTION:
None. 
-------------------------------------------------------------------------------
11/27/2015 10:37:08 - Process(7616.1) User(nelo) Program(amqzmur0.exe)
                      Host(NELO-HOME) Installation(Installation1)
                      VRMF(8.0.0.4) QMgr(QM4)
                     
AMQ5041: The queue manager task 'MARKINTSCAN' has ended.

EXPLANATION:
The queue manager task MARKINTSCAN has ended.
ACTION:
None. 
-------------------------------------------------------------------------------
11/27/2015 10:37:08 - Process(3636.1) User(nelo) Program(amqzmuf0.exe)
                      Host(NELO-HOME) Installation(Installation1)
                      VRMF(8.0.0.4) QMgr(QM4)
                     
AMQ5041: The queue manager task 'QPUBSUB-CTRLR' has ended.

EXPLANATION:
The queue manager task QPUBSUB-CTRLR has ended.
ACTION:
None. 
-------------------------------------------------------------------------------
11/27/2015 10:37:08 - Process(4024.1) User(nelo) Program(amqrrmfa.exe)
                      Host(NELO-HOME) Installation(Installation1)
                      VRMF(8.0.0.4) QMgr(QM4)
                     
AMQ9411: Repository manager ended normally.

EXPLANATION:
The repository manager ended normally.
ACTION:
None. 
-------------------------------------------------------------------------------
11/27/2015 10:37:08 - Process(7616.1) User(nelo) Program(amqzmur0.exe)
                      Host(NELO-HOME) Installation(Installation1)
                      VRMF(8.0.0.4) QMgr(QM4)
                     
AMQ5041: The queue manager task 'ERROR-LOG' has ended.

EXPLANATION:
The queue manager task ERROR-LOG has ended.
ACTION:
None. 
-------------------------------------------------------------------------------
11/27/2015 10:37:09 - Process(3284.1) User(nelo) Program(amqzmuc0.exe)
                      Host(NELO-HOME) Installation(Installation1)
                      VRMF(8.0.0.4) QMgr(QM4)
                     
AMQ5041: The queue manager task 'CHECKPOINT' has ended.

EXPLANATION:
The queue manager task CHECKPOINT has ended.
ACTION:
None. 
-------------------------------------------------------------------------------
11/27/2015 10:37:09 - Process(3284.1) User(nelo) Program(amqzmuc0.exe)
                      Host(NELO-HOME) Installation(Installation1)
                      VRMF(8.0.0.4) QMgr(QM4)
                     
AMQ5041: The queue manager task 'LOGGER-IO' has ended.

EXPLANATION:
The queue manager task LOGGER-IO has ended.
ACTION:
None. 
-------------------------------------------------------------------------------
11/27/2015 10:37:09 - Process(3764.1) User(nelo) Program(amqzxma0.exe)
                      Host(NELO-HOME) Installation(Installation1)
                      VRMF(8.0.0.4) QMgr(QM4)
                     
AMQ8004: WebSphere MQ queue manager 'QM4' ended.

EXPLANATION:
WebSphere MQ queue manager 'QM4' ended.
ACTION:
None. 
-------------------------------------------------------------------------------
